
=================  central_upper_bound_seed42  =================
[central round 1/25] acc=71.27%
[central round 2/25] acc=79.29%
[central round 3/25] acc=83.10%
[central round 4/25] acc=82.95%
[central round 5/25] acc=85.86%
[central round 6/25] acc=86.48%
[central round 7/25] acc=86.97%
[central round 8/25] acc=87.99%
[central round 9/25] acc=88.24%
[central round 10/25] acc=87.30%
[central round 11/25] acc=89.26%
[central round 12/25] acc=88.88%
[central round 13/25] acc=88.12%
[central round 14/25] acc=89.54%
[central round 15/25] acc=89.74%
[central round 16/25] acc=90.77%
[central round 17/25] acc=90.84%
[central round 18/25] acc=90.78%
[central round 19/25] acc=90.26%
[central round 20/25] acc=91.27%
[central round 21/25] acc=90.87%
[central round 22/25] acc=91.14%
[central round 23/25] acc=91.01%
[central round 24/25] acc=91.14%
[central round 25/25] acc=90.76%
[done] central_upper_bound_seed42: acc=90.76% ε=inf (850.8s)

=================  central_upper_bound_seed1  =================
[central round 1/25] acc=71.68%
[central round 2/25] acc=82.28%
[central round 3/25] acc=82.08%
[central round 4/25] acc=84.15%
[central round 5/25] acc=85.40%
[central round 6/25] acc=87.33%
[central round 7/25] acc=87.99%
[central round 8/25] acc=88.37%
[central round 9/25] acc=88.75%
[central round 10/25] acc=89.80%
[central round 11/25] acc=89.93%
[central round 12/25] acc=89.96%
[central round 13/25] acc=89.53%
[central round 14/25] acc=89.11%
[central round 15/25] acc=90.44%
[central round 16/25] acc=90.49%
[central round 17/25] acc=89.75%
[central round 18/25] acc=89.40%
[central round 19/25] acc=90.13%
[central round 20/25] acc=90.24%
[central round 21/25] acc=89.70%
[central round 22/25] acc=90.26%
[central round 23/25] acc=90.55%
[central round 24/25] acc=90.81%
[central round 25/25] acc=91.26%
[done] central_upper_bound_seed1: acc=91.26% ε=inf (3529.2s)

=================  central_upper_bound_seed7  =================
[central round 1/25] acc=74.22%
[central round 2/25] acc=75.71%
[central round 3/25] acc=79.94%
[central round 4/25] acc=84.48%
[central round 5/25] acc=86.03%
[central round 6/25] acc=86.54%
[central round 7/25] acc=87.70%
[central round 8/25] acc=88.22%
[central round 9/25] acc=88.80%
[central round 10/25] acc=89.49%
[central round 11/25] acc=88.49%
[central round 12/25] acc=88.77%
[central round 13/25] acc=89.84%
[central round 14/25] acc=90.18%
[central round 15/25] acc=90.13%
[central round 16/25] acc=90.57%
[central round 17/25] acc=89.53%
[central round 18/25] acc=89.29%
[central round 19/25] acc=90.73%
[central round 20/25] acc=90.99%
[central round 21/25] acc=90.54%
[central round 22/25] acc=90.52%
[central round 23/25] acc=91.59%
[central round 24/25] acc=90.76%
[central round 25/25] acc=90.56%
[done] central_upper_bound_seed7: acc=90.56% ε=inf (871.2s)

=================  fedavg_no_dp_seed42  =================
[round 5/25] acc=74.53% loss=0.7891 σ̄=0.000 mean_split=17.0
[round 10/25] acc=82.24% loss=0.6106 σ̄=0.000 mean_split=17.0
[round 15/25] acc=85.05% loss=0.5011 σ̄=0.000 mean_split=17.0
[round 20/25] acc=86.51% loss=0.4342 σ̄=0.000 mean_split=17.0
[round 25/25] acc=87.33% loss=0.4017 σ̄=0.000 mean_split=17.0
[attacks] training adversary models on a public split…
[attacks] eval_split=5, IR shape per sample=(32, 28, 28)
   [decoder] epoch 1/3 loss=0.0423
   [decoder] epoch 2/3 loss=0.0255
   [decoder] epoch 3/3 loss=0.0233
   [mia] epoch 1/3 loss=0.6934
   [mia] epoch 2/3 loss=0.6932
   [mia] epoch 3/3 loss=0.6931
[attacks] running optimisation-based reconstruction…
[done] fedavg_no_dp_seed42: acc=87.33% ε=inf (807.8s)

=================  fedavg_no_dp_seed1  =================
[round 5/25] acc=76.02% loss=0.7972 σ̄=0.000 mean_split=17.0
[round 10/25] acc=81.49% loss=0.6188 σ̄=0.000 mean_split=17.0
[round 15/25] acc=85.49% loss=0.5126 σ̄=0.000 mean_split=17.0
[round 20/25] acc=86.82% loss=0.4529 σ̄=0.000 mean_split=17.0
[round 25/25] acc=87.55% loss=0.4083 σ̄=0.000 mean_split=17.0
[attacks] training adversary models on a public split…
[attacks] eval_split=5, IR shape per sample=(32, 28, 28)
   [decoder] epoch 1/3 loss=0.0449
   [decoder] epoch 2/3 loss=0.0268
   [decoder] epoch 3/3 loss=0.0242
   [mia] epoch 1/3 loss=0.6934
   [mia] epoch 2/3 loss=0.6932
   [mia] epoch 3/3 loss=0.6930
[attacks] running optimisation-based reconstruction…
[done] fedavg_no_dp_seed1: acc=87.55% ε=inf (11869.0s)

=================  fedavg_no_dp_seed7  =================
[round 5/25] acc=75.65% loss=0.7981 σ̄=0.000 mean_split=17.0
[round 10/25] acc=80.99% loss=0.6125 σ̄=0.000 mean_split=17.0
[round 15/25] acc=84.48% loss=0.5024 σ̄=0.000 mean_split=17.0
[round 20/25] acc=86.45% loss=0.4322 σ̄=0.000 mean_split=17.0
[round 25/25] acc=87.55% loss=0.3959 σ̄=0.000 mean_split=17.0
[attacks] training adversary models on a public split…
[attacks] eval_split=5, IR shape per sample=(32, 28, 28)
   [decoder] epoch 1/3 loss=0.0432
   [decoder] epoch 2/3 loss=0.0262
   [decoder] epoch 3/3 loss=0.0239
   [mia] epoch 1/3 loss=0.6934
   [mia] epoch 2/3 loss=0.6932
   [mia] epoch 3/3 loss=0.6931
[attacks] running optimisation-based reconstruction…
[done] fedavg_no_dp_seed7: acc=87.55% ε=inf (814.7s)

=================  vanilla_sl_no_dp_seed42  =================
[round 5/25] acc=74.53% loss=0.7891 σ̄=0.000 mean_split=6.0
[round 10/25] acc=82.24% loss=0.6106 σ̄=0.000 mean_split=6.0
[round 15/25] acc=85.05% loss=0.5011 σ̄=0.000 mean_split=6.0
[round 20/25] acc=86.51% loss=0.4342 σ̄=0.000 mean_split=6.0
[round 25/25] acc=87.33% loss=0.4017 σ̄=0.000 mean_split=6.0
[attacks] training adversary models on a public split…
[attacks] eval_split=5, IR shape per sample=(32, 28, 28)
   [decoder] epoch 1/3 loss=0.0423
   [decoder] epoch 2/3 loss=0.0255
   [decoder] epoch 3/3 loss=0.0233
   [mia] epoch 1/3 loss=0.6934
   [mia] epoch 2/3 loss=0.6932
   [mia] epoch 3/3 loss=0.6931
[attacks] running optimisation-based reconstruction…
[done] vanilla_sl_no_dp_seed42: acc=87.33% ε=inf (861.7s)

=================  vanilla_sl_no_dp_seed1  =================
[round 5/25] acc=76.02% loss=0.7972 σ̄=0.000 mean_split=6.0
[round 10/25] acc=81.49% loss=0.6188 σ̄=0.000 mean_split=6.0
[round 15/25] acc=85.49% loss=0.5126 σ̄=0.000 mean_split=6.0
[round 20/25] acc=86.82% loss=0.4529 σ̄=0.000 mean_split=6.0
[round 25/25] acc=87.55% loss=0.4083 σ̄=0.000 mean_split=6.0
[attacks] training adversary models on a public split…
[attacks] eval_split=5, IR shape per sample=(32, 28, 28)
   [decoder] epoch 1/3 loss=0.0449
   [decoder] epoch 2/3 loss=0.0268
   [decoder] epoch 3/3 loss=0.0242
   [mia] epoch 1/3 loss=0.6934
   [mia] epoch 2/3 loss=0.6932
   [mia] epoch 3/3 loss=0.6930
[attacks] running optimisation-based reconstruction…
[done] vanilla_sl_no_dp_seed1: acc=87.55% ε=inf (894.3s)

=================  vanilla_sl_no_dp_seed7  =================
[round 5/25] acc=75.65% loss=0.7981 σ̄=0.000 mean_split=6.0
[round 10/25] acc=80.99% loss=0.6125 σ̄=0.000 mean_split=6.0
[round 15/25] acc=84.48% loss=0.5024 σ̄=0.000 mean_split=6.0
[round 20/25] acc=86.45% loss=0.4322 σ̄=0.000 mean_split=6.0
[round 25/25] acc=87.55% loss=0.3959 σ̄=0.000 mean_split=6.0
[attacks] training adversary models on a public split…
[attacks] eval_split=5, IR shape per sample=(32, 28, 28)
   [decoder] epoch 1/3 loss=0.0432
   [decoder] epoch 2/3 loss=0.0262
   [decoder] epoch 3/3 loss=0.0239
   [mia] epoch 1/3 loss=0.6934
   [mia] epoch 2/3 loss=0.6932
   [mia] epoch 3/3 loss=0.6931
[attacks] running optimisation-based reconstruction…
[done] vanilla_sl_no_dp_seed7: acc=87.55% ε=inf (913.4s)

=================  vanilla_sl_laplace_seed42  =================
[round 5/25] acc=71.89% loss=0.8647 σ̄=0.500 mean_split=6.0
[round 10/25] acc=78.79% loss=0.6701 σ̄=0.500 mean_split=6.0
[round 15/25] acc=83.32% loss=0.5632 σ̄=0.500 mean_split=6.0
[round 20/25] acc=85.06% loss=0.4874 σ̄=0.500 mean_split=6.0
[round 25/25] acc=86.35% loss=0.4364 σ̄=0.500 mean_split=6.0
[attacks] training adversary models on a public split…
[attacks] eval_split=5, IR shape per sample=(32, 28, 28)
   [decoder] epoch 1/3 loss=0.0377
   [decoder] epoch 2/3 loss=0.0242
   [decoder] epoch 3/3 loss=0.0223
   [mia] epoch 1/3 loss=0.6936
   [mia] epoch 2/3 loss=0.6932
   [mia] epoch 3/3 loss=0.6931
[attacks] running optimisation-based reconstruction…
[done] vanilla_sl_laplace_seed42: acc=86.35% ε=50.000 (903.7s)

=================  vanilla_sl_laplace_seed1  =================
[round 5/25] acc=74.25% loss=0.8667 σ̄=0.500 mean_split=6.0
[round 10/25] acc=80.09% loss=0.6726 σ̄=0.500 mean_split=6.0
[round 15/25] acc=83.36% loss=0.5591 σ̄=0.500 mean_split=6.0
[round 20/25] acc=85.43% loss=0.4934 σ̄=0.500 mean_split=6.0
[round 25/25] acc=86.66% loss=0.4447 σ̄=0.500 mean_split=6.0
[attacks] training adversary models on a public split…
[attacks] eval_split=5, IR shape per sample=(32, 28, 28)
   [decoder] epoch 1/3 loss=0.0380
   [decoder] epoch 2/3 loss=0.0246
   [decoder] epoch 3/3 loss=0.0226
   [mia] epoch 1/3 loss=0.6938
   [mia] epoch 2/3 loss=0.6931
   [mia] epoch 3/3 loss=0.6931
[attacks] running optimisation-based reconstruction…
[done] vanilla_sl_laplace_seed1: acc=86.66% ε=50.000 (1570.8s)

=================  vanilla_sl_laplace_seed7  =================
[round 5/25] acc=74.19% loss=0.8578 σ̄=0.500 mean_split=6.0
[round 10/25] acc=78.87% loss=0.6792 σ̄=0.500 mean_split=6.0
[round 15/25] acc=82.30% loss=0.5677 σ̄=0.500 mean_split=6.0
[round 20/25] acc=84.48% loss=0.5011 σ̄=0.500 mean_split=6.0
[round 25/25] acc=86.07% loss=0.4497 σ̄=0.500 mean_split=6.0
[attacks] training adversary models on a public split…
[attacks] eval_split=5, IR shape per sample=(32, 28, 28)
   [decoder] epoch 1/3 loss=0.0382
   [decoder] epoch 2/3 loss=0.0249
   [decoder] epoch 3/3 loss=0.0229
   [mia] epoch 1/3 loss=0.6936
   [mia] epoch 2/3 loss=0.6932
   [mia] epoch 3/3 loss=0.6932
[attacks] running optimisation-based reconstruction…
[done] vanilla_sl_laplace_seed7: acc=86.07% ε=50.000 (1171.0s)

=================  p3sl_laplace_low_seed42  =================
[round 5/25] acc=73.16% loss=0.8803 σ̄=0.266 mean_split=5.8
[round 10/25] acc=77.82% loss=0.6767 σ̄=0.228 mean_split=5.8
[simulator] target accuracy 80.0% reached early
[simulator] target accuracy 80.0% reached early
[simulator] target accuracy 80.0% reached early
[round 15/25] acc=82.44% loss=0.5738 σ̄=0.215 mean_split=5.8
[simulator] target accuracy 80.0% reached early
[simulator] target accuracy 80.0% reached early
[simulator] target accuracy 80.0% reached early
[simulator] target accuracy 80.0% reached early
[simulator] target accuracy 80.0% reached early
[round 20/25] acc=84.62% loss=0.5015 σ̄=0.215 mean_split=5.8
[simulator] target accuracy 80.0% reached early
[simulator] target accuracy 80.0% reached early
[simulator] target accuracy 80.0% reached early
[simulator] target accuracy 80.0% reached early
[simulator] target accuracy 80.0% reached early
[round 25/25] acc=85.71% loss=0.4543 σ̄=0.215 mean_split=5.8
[simulator] target accuracy 80.0% reached early
[attacks] training adversary models on a public split…
[attacks] eval_split=5, IR shape per sample=(32, 28, 28)
   [decoder] epoch 1/3 loss=0.0411
   [decoder] epoch 2/3 loss=0.0251
   [decoder] epoch 3/3 loss=0.0231
   [mia] epoch 1/3 loss=0.6936
   [mia] epoch 2/3 loss=0.6932
   [mia] epoch 3/3 loss=0.6931
[attacks] running optimisation-based reconstruction…
[done] p3sl_laplace_low_seed42: acc=85.71% ε=83.333 (4822.5s)

=================  p3sl_laplace_low_seed1  =================
[round 5/25] acc=72.45% loss=0.8643 σ̄=0.266 mean_split=5.8
[round 10/25] acc=79.75% loss=0.6897 σ̄=0.228 mean_split=5.8
[simulator] target accuracy 80.0% reached early
[simulator] target accuracy 80.0% reached early
[simulator] target accuracy 80.0% reached early
[simulator] target accuracy 80.0% reached early
[round 15/25] acc=83.42% loss=0.5752 σ̄=0.221 mean_split=5.8
[simulator] target accuracy 80.0% reached early
[simulator] target accuracy 80.0% reached early
[simulator] target accuracy 80.0% reached early
[simulator] target accuracy 80.0% reached early
[simulator] target accuracy 80.0% reached early
[round 20/25] acc=85.26% loss=0.5076 σ̄=0.221 mean_split=5.8
[simulator] target accuracy 80.0% reached early
[simulator] target accuracy 80.0% reached early
[simulator] target accuracy 80.0% reached early
[simulator] target accuracy 80.0% reached early
[simulator] target accuracy 80.0% reached early
[round 25/25] acc=86.49% loss=0.4604 σ̄=0.221 mean_split=5.8
[simulator] target accuracy 80.0% reached early
[attacks] training adversary models on a public split…
[attacks] eval_split=5, IR shape per sample=(32, 28, 28)
   [decoder] epoch 1/3 loss=0.0418
   [decoder] epoch 2/3 loss=0.0254
   [decoder] epoch 3/3 loss=0.0232
   [mia] epoch 1/3 loss=0.6934
   [mia] epoch 2/3 loss=0.6932
   [mia] epoch 3/3 loss=0.6931
[attacks] running optimisation-based reconstruction…
[done] p3sl_laplace_low_seed1: acc=86.49% ε=83.333 (949.1s)

=================  p3sl_laplace_low_seed7  =================
[round 5/25] acc=73.62% loss=0.8656 σ̄=0.266 mean_split=5.8
[round 10/25] acc=79.17% loss=0.6697 σ̄=0.228 mean_split=5.8
[simulator] target accuracy 80.0% reached early
[simulator] target accuracy 80.0% reached early
[simulator] target accuracy 80.0% reached early
[simulator] target accuracy 80.0% reached early
[round 15/25] acc=82.81% loss=0.5604 σ̄=0.221 mean_split=5.8
[simulator] target accuracy 80.0% reached early
[simulator] target accuracy 80.0% reached early
[simulator] target accuracy 80.0% reached early
[simulator] target accuracy 80.0% reached early
[simulator] target accuracy 80.0% reached early
[round 20/25] acc=84.35% loss=0.4953 σ̄=0.221 mean_split=5.8
[simulator] target accuracy 80.0% reached early
[simulator] target accuracy 80.0% reached early
[simulator] target accuracy 80.0% reached early
[simulator] target accuracy 80.0% reached early
[simulator] target accuracy 80.0% reached early
[round 25/25] acc=85.14% loss=0.4499 σ̄=0.221 mean_split=5.8
[simulator] target accuracy 80.0% reached early
[attacks] training adversary models on a public split…
[attacks] eval_split=5, IR shape per sample=(32, 28, 28)
   [decoder] epoch 1/3 loss=0.0413
   [decoder] epoch 2/3 loss=0.0252
   [decoder] epoch 3/3 loss=0.0232
   [mia] epoch 1/3 loss=0.6934
   [mia] epoch 2/3 loss=0.6932
   [mia] epoch 3/3 loss=0.6931
[attacks] running optimisation-based reconstruction…
[done] p3sl_laplace_low_seed7: acc=85.14% ε=83.333 (20015.0s)

=================  p3sl_laplace_med_seed42  =================
[round 5/25] acc=66.79% loss=1.1057 σ̄=0.815 mean_split=5.8
[round 10/25] acc=74.67% loss=0.8022 σ̄=0.630 mean_split=5.8
[round 15/25] acc=79.05% loss=0.6758 σ̄=0.488 mean_split=5.8
[simulator] target accuracy 80.0% reached early
[simulator] target accuracy 80.0% reached early
[round 20/25] acc=81.92% loss=0.5909 σ̄=0.418 mean_split=5.8
[simulator] target accuracy 80.0% reached early
[simulator] target accuracy 80.0% reached early
[simulator] target accuracy 80.0% reached early
[simulator] target accuracy 80.0% reached early
[simulator] target accuracy 80.0% reached early
[round 25/25] acc=83.55% loss=0.5330 σ̄=0.418 mean_split=5.8
[simulator] target accuracy 80.0% reached early
[attacks] training adversary models on a public split…
[attacks] eval_split=5, IR shape per sample=(32, 28, 28)
   [decoder] epoch 1/3 loss=0.0399
   [decoder] epoch 2/3 loss=0.0250
   [decoder] epoch 3/3 loss=0.0230
   [mia] epoch 1/3 loss=0.6937
   [mia] epoch 2/3 loss=0.6932
   [mia] epoch 3/3 loss=0.6931
[attacks] running optimisation-based reconstruction…
[done] p3sl_laplace_med_seed42: acc=83.55% ε=25.000 (9582.3s)

=================  p3sl_laplace_med_seed1  =================
[round 5/25] acc=66.16% loss=1.1100 σ̄=0.815 mean_split=5.8
